<?xml version="1.0" encoding="UTF-8"?>
<testng-results skipped="0" failed="0" ignored="0" total="1" passed="1">
  <reporter-output>
  </reporter-output>
  <suite name="Suite" duration-ms="88689" started-at="2018-02-01T16:27:51Z" finished-at="2018-02-01T16:29:20Z">
    <groups>
    </groups>
    <test name="Test" duration-ms="88689" started-at="2018-02-01T16:27:51Z" finished-at="2018-02-01T16:29:20Z">
      <class name="com.reports.reports.execute">
        <test-method status="PASS" signature="beforeClass()[pri:0, instance:com.reports.reports.execute@236e3f4e]" name="beforeClass" is-config="true" duration-ms="3981" started-at="2018-02-01T21:57:51Z" finished-at="2018-02-01T21:57:55Z">
          <reporter-output>
          </reporter-output>
        </test-method> <!-- beforeClass -->
        <test-method status="PASS" signature="executer()[pri:0, instance:com.reports.reports.execute@236e3f4e]" name="executer" duration-ms="84683" started-at="2018-02-01T21:57:55Z" finished-at="2018-02-01T21:59:20Z">
          <reporter-output>
          </reporter-output>
        </test-method> <!-- executer -->
        <test-method status="PASS" signature="afterClass()[pri:0, instance:com.reports.reports.execute@236e3f4e]" name="afterClass" is-config="true" duration-ms="1" started-at="2018-02-01T21:59:20Z" finished-at="2018-02-01T21:59:20Z">
          <reporter-output>
          </reporter-output>
        </test-method> <!-- afterClass -->
      </class> <!-- com.reports.reports.execute -->
    </test> <!-- Test -->
  </suite> <!-- Suite -->
</testng-results>
