<?xml version="1.0" encoding="UTF-8"?>
<testng-results skipped="0" failed="0" ignored="0" total="1" passed="1">
  <reporter-output>
  </reporter-output>
  <suite name="Default suite" duration-ms="13886" started-at="2018-02-01T13:42:19Z" finished-at="2018-02-01T13:42:33Z">
    <groups>
    </groups>
    <test name="Default test" duration-ms="13886" started-at="2018-02-01T13:42:19Z" finished-at="2018-02-01T13:42:33Z">
      <class name="com.reports.reports.execute">
        <test-method status="PASS" signature="beforeClass()[pri:0, instance:com.reports.reports.execute@3ecd23d9]" name="beforeClass" is-config="true" duration-ms="3800" started-at="2018-02-01T19:12:19Z" finished-at="2018-02-01T19:12:23Z">
          <reporter-output>
          </reporter-output>
        </test-method> <!-- beforeClass -->
        <test-method status="PASS" signature="executer()[pri:0, instance:com.reports.reports.execute@3ecd23d9]" name="executer" duration-ms="10071" started-at="2018-02-01T19:12:23Z" finished-at="2018-02-01T19:12:33Z">
          <reporter-output>
          </reporter-output>
        </test-method> <!-- executer -->
        <test-method status="PASS" signature="afterClass()[pri:0, instance:com.reports.reports.execute@3ecd23d9]" name="afterClass" is-config="true" duration-ms="1" started-at="2018-02-01T19:12:33Z" finished-at="2018-02-01T19:12:33Z">
          <reporter-output>
          </reporter-output>
        </test-method> <!-- afterClass -->
      </class> <!-- com.reports.reports.execute -->
    </test> <!-- Default test -->
  </suite> <!-- Default suite -->
</testng-results>
