<?xml version="1.0" encoding="UTF-8"?>
<!-- Generated by org.testng.reporters.JUnitXMLReporter -->
<testsuite hostname="Macminis-Mac-mini.local" name="Test" tests="9" failures="1" timestamp="22 Jan 2018 15:51:09 GMT" time="648.421" errors="0">
  <testcase name="Validating_feed1" time="40.667" classname="ANDROID_ARMS.ANDROID_ARMS.FeedAdVAlidationonUI"/>
  <testcase name="Validating_feed2" time="24.458" classname="ANDROID_ARMS.ANDROID_ARMS.FeedAdVAlidationonUI"/>
  <testcase name="Validating_feed3" time="78.495" classname="ANDROID_ARMS.ANDROID_ARMS.FeedAdVAlidationonUI">
    <failure type="java.lang.AssertionError" message="feed3 ad not present">
      <![CDATA[java.lang.AssertionError: feed3 ad not present
	at twc.Automation.HandleWithAppium.AppiumFunctions.Check_feed3_ad(AppiumFunctions.java:429)
	at ANDROID_ARMS.ANDROID_ARMS.FeedAdVAlidationonUI.Validating_feed3(FeedAdVAlidationonUI.java:79)
... Removed 31 stack frames]]>
    </failure>
  </testcase> <!-- Validating_feed3 -->
  <testcase name="Validating_feed4" time="12.05" classname="ANDROID_ARMS.ANDROID_ARMS.FeedAdVAlidationonUI"/>
  <testcase name="Extended_News_page_Ad" time="78.408" classname="ANDROID_ARMS.ANDROID_ARMS.FeedAdVAlidationonUI"/>
  <testcase name="Validating_feed5" time="42.572" classname="ANDROID_ARMS.ANDROID_ARMS.FeedAdVAlidationonUI"/>
  <testcase name="Extended_hourly_page_Ad" time="167.696" classname="ANDROID_ARMS.ANDROID_ARMS.FeedAdVAlidationonUI"/>
  <testcase name="Extended_Daily_page_Ad" time="20.25" classname="ANDROID_ARMS.ANDROID_ARMS.FeedAdVAlidationonUI"/>
  <testcase name="Extended_Maps_Radar_page_Ad" time="20.739" classname="ANDROID_ARMS.ANDROID_ARMS.FeedAdVAlidationonUI"/>
</testsuite> <!-- Test -->
