<?xml version="1.0" encoding="UTF-8"?>
<testng-results skipped="0" failed="1" total="9" passed="8">
  <reporter-output>
  </reporter-output>
  <suite name="Suite" duration-ms="648421" started-at="2018-01-22T15:40:20Z" finished-at="2018-01-22T15:51:09Z">
    <groups>
    </groups>
    <test name="Test" duration-ms="648421" started-at="2018-01-22T15:40:20Z" finished-at="2018-01-22T15:51:09Z">
      <class name="ANDROID_ARMS.ANDROID_ARMS.FeedAdVAlidationonUI">
        <test-method status="PASS" signature="Before_Test()[pri:0, instance:ANDROID_ARMS.ANDROID_ARMS.FeedAdVAlidationonUI@6cf31447]" name="Before_Test" is-config="true" duration-ms="141598" started-at="2018-01-22T21:10:20Z" finished-at="2018-01-22T21:12:42Z">
          <reporter-output>
          </reporter-output>
        </test-method> <!-- Before_Test -->
        <test-method status="PASS" signature="Validating_feed1()[pri:0, instance:ANDROID_ARMS.ANDROID_ARMS.FeedAdVAlidationonUI@6cf31447]" name="Validating_feed1" duration-ms="40667" started-at="2018-01-22T21:12:42Z" finished-at="2018-01-22T21:13:23Z">
          <reporter-output>
          </reporter-output>
        </test-method> <!-- Validating_feed1 -->
        <test-method status="PASS" signature="Validating_feed2()[pri:0, instance:ANDROID_ARMS.ANDROID_ARMS.FeedAdVAlidationonUI@6cf31447]" name="Validating_feed2" duration-ms="24458" started-at="2018-01-22T21:13:23Z" finished-at="2018-01-22T21:13:47Z">
          <reporter-output>
          </reporter-output>
        </test-method> <!-- Validating_feed2 -->
        <test-method status="FAIL" signature="Validating_feed3()[pri:0, instance:ANDROID_ARMS.ANDROID_ARMS.FeedAdVAlidationonUI@6cf31447]" name="Validating_feed3" duration-ms="78495" started-at="2018-01-22T21:13:47Z" finished-at="2018-01-22T21:15:06Z">
          <exception class="java.lang.AssertionError">
            <message>
              <![CDATA[feed3 ad not present]]>
            </message>
            <full-stacktrace>
              <![CDATA[java.lang.AssertionError: feed3 ad not present
	at org.testng.Assert.fail(Assert.java:94)
	at twc.Automation.HandleWithAppium.AppiumFunctions.Check_feed3_ad(AppiumFunctions.java:429)
	at ANDROID_ARMS.ANDROID_ARMS.FeedAdVAlidationonUI.Validating_feed3(FeedAdVAlidationonUI.java:79)
	at sun.reflect.NativeMethodAccessorImpl.invoke0(Native Method)
	at sun.reflect.NativeMethodAccessorImpl.invoke(NativeMethodAccessorImpl.java:62)
	at sun.reflect.DelegatingMethodAccessorImpl.invoke(DelegatingMethodAccessorImpl.java:43)
	at java.lang.reflect.Method.invoke(Method.java:498)
	at org.testng.internal.MethodInvocationHelper.invokeMethod(MethodInvocationHelper.java:85)
	at org.testng.internal.Invoker.invokeMethod(Invoker.java:659)
	at org.testng.internal.Invoker.invokeTestMethod(Invoker.java:845)
	at org.testng.internal.Invoker.invokeTestMethods(Invoker.java:1153)
	at org.testng.internal.TestMethodWorker.invokeTestMethods(TestMethodWorker.java:125)
	at org.testng.internal.TestMethodWorker.run(TestMethodWorker.java:108)
	at org.testng.TestRunner.privateRun(TestRunner.java:771)
	at org.testng.TestRunner.run(TestRunner.java:621)
	at org.testng.SuiteRunner.runTest(SuiteRunner.java:357)
	at org.testng.SuiteRunner.runSequentially(SuiteRunner.java:352)
	at org.testng.SuiteRunner.privateRun(SuiteRunner.java:310)
	at org.testng.SuiteRunner.run(SuiteRunner.java:259)
	at org.testng.SuiteRunnerWorker.runSuite(SuiteRunnerWorker.java:52)
	at org.testng.SuiteRunnerWorker.run(SuiteRunnerWorker.java:86)
	at org.testng.TestNG.runSuitesSequentially(TestNG.java:1199)
	at org.testng.TestNG.runSuitesLocally(TestNG.java:1124)
	at org.testng.TestNG.run(TestNG.java:1032)
	at org.apache.maven.surefire.testng.TestNGExecutor.run(TestNGExecutor.java:73)
	at org.apache.maven.surefire.testng.TestNGXmlTestSuite.execute(TestNGXmlTestSuite.java:94)
	at org.apache.maven.surefire.Surefire.run(Surefire.java:169)
	at sun.reflect.NativeMethodAccessorImpl.invoke0(Native Method)
	at sun.reflect.NativeMethodAccessorImpl.invoke(NativeMethodAccessorImpl.java:62)
	at sun.reflect.DelegatingMethodAccessorImpl.invoke(DelegatingMethodAccessorImpl.java:43)
	at java.lang.reflect.Method.invoke(Method.java:498)
	at org.apache.maven.surefire.booter.SurefireBooter.runSuitesInProcess(SurefireBooter.java:350)
	at org.apache.maven.surefire.booter.SurefireBooter.main(SurefireBooter.java:1021)
]]>
            </full-stacktrace>
          </exception> <!-- java.lang.AssertionError -->
          <reporter-output>
          </reporter-output>
        </test-method> <!-- Validating_feed3 -->
        <test-method status="PASS" signature="Validating_feed4()[pri:0, instance:ANDROID_ARMS.ANDROID_ARMS.FeedAdVAlidationonUI@6cf31447]" name="Validating_feed4" duration-ms="12050" started-at="2018-01-22T21:15:06Z" finished-at="2018-01-22T21:15:18Z">
          <reporter-output>
          </reporter-output>
        </test-method> <!-- Validating_feed4 -->
        <test-method status="PASS" signature="Extended_News_page_Ad()[pri:0, instance:ANDROID_ARMS.ANDROID_ARMS.FeedAdVAlidationonUI@6cf31447]" name="Extended_News_page_Ad" duration-ms="78408" started-at="2018-01-22T21:15:18Z" finished-at="2018-01-22T21:16:36Z">
          <reporter-output>
          </reporter-output>
        </test-method> <!-- Extended_News_page_Ad -->
        <test-method status="PASS" signature="Validating_feed5()[pri:0, instance:ANDROID_ARMS.ANDROID_ARMS.FeedAdVAlidationonUI@6cf31447]" name="Validating_feed5" duration-ms="42572" started-at="2018-01-22T21:16:36Z" finished-at="2018-01-22T21:17:19Z">
          <reporter-output>
          </reporter-output>
        </test-method> <!-- Validating_feed5 -->
        <test-method status="PASS" signature="Extended_hourly_page_Ad()[pri:0, instance:ANDROID_ARMS.ANDROID_ARMS.FeedAdVAlidationonUI@6cf31447]" name="Extended_hourly_page_Ad" duration-ms="167696" started-at="2018-01-22T21:17:19Z" finished-at="2018-01-22T21:20:06Z">
          <reporter-output>
          </reporter-output>
        </test-method> <!-- Extended_hourly_page_Ad -->
        <test-method status="PASS" signature="Extended_Daily_page_Ad()[pri:0, instance:ANDROID_ARMS.ANDROID_ARMS.FeedAdVAlidationonUI@6cf31447]" name="Extended_Daily_page_Ad" duration-ms="20250" started-at="2018-01-22T21:20:06Z" finished-at="2018-01-22T21:20:27Z">
          <reporter-output>
          </reporter-output>
        </test-method> <!-- Extended_Daily_page_Ad -->
        <test-method status="PASS" signature="Extended_Maps_Radar_page_Ad()[pri:0, instance:ANDROID_ARMS.ANDROID_ARMS.FeedAdVAlidationonUI@6cf31447]" name="Extended_Maps_Radar_page_Ad" duration-ms="20739" started-at="2018-01-22T21:20:27Z" finished-at="2018-01-22T21:20:47Z">
          <reporter-output>
          </reporter-output>
        </test-method> <!-- Extended_Maps_Radar_page_Ad -->
        <test-method status="PASS" signature="End_Test()[pri:0, instance:ANDROID_ARMS.ANDROID_ARMS.FeedAdVAlidationonUI@6cf31447]" name="End_Test" is-config="true" duration-ms="21430" started-at="2018-01-22T21:20:47Z" finished-at="2018-01-22T21:21:09Z">
          <reporter-output>
          </reporter-output>
        </test-method> <!-- End_Test -->
      </class> <!-- ANDROID_ARMS.ANDROID_ARMS.FeedAdVAlidationonUI -->
    </test> <!-- Test -->
  </suite> <!-- Suite -->
</testng-results>
