<?xml version="1.0" encoding="UTF-8" ?>
<testsuite tests="9" failures="1" name="TestSuite" time="649.286" errors="0" skipped="0">
  <properties>
[...]
</properties>
  <testcase classname="ANDROID_ARMS.ANDROID_ARMS.FeedAdVAlidationonUI" name="Validating_feed1" time="40.667"/>
  <testcase classname="ANDROID_ARMS.ANDROID_ARMS.FeedAdVAlidationonUI" name="Validating_feed2" time="24.458"/>
  <testcase classname="ANDROID_ARMS.ANDROID_ARMS.FeedAdVAlidationonUI" name="Validating_feed3" time="78.497">
    <failure message="feed3 ad not present" type="java.lang.AssertionError">java.lang.AssertionError: feed3 ad not present
	at org.testng.Assert.fail(Assert.java:94)
	at twc.Automation.HandleWithAppium.AppiumFunctions.Check_feed3_ad(AppiumFunctions.java:429)
	at ANDROID_ARMS.ANDROID_ARMS.FeedAdVAlidationonUI.Validating_feed3(FeedAdVAlidationonUI.java:79)
</failure>
    <system-out>====== Validating feed_3 Ad TestCase Started =======
Checking for feed3 ad
</system-out>
  </testcase>
  <testcase classname="ANDROID_ARMS.ANDROID_ARMS.FeedAdVAlidationonUI" name="Validating_feed4" time="12.05"/>
  <testcase classname="ANDROID_ARMS.ANDROID_ARMS.FeedAdVAlidationonUI" name="Extended_News_page_Ad" time="78.408"/>
  <testcase classname="ANDROID_ARMS.ANDROID_ARMS.FeedAdVAlidationonUI" name="Validating_feed5" time="42.573"/>
  <testcase classname="ANDROID_ARMS.ANDROID_ARMS.FeedAdVAlidationonUI" name="Extended_hourly_page_Ad" time="167.696"/>
  <testcase classname="ANDROID_ARMS.ANDROID_ARMS.FeedAdVAlidationonUI" name="Extended_Daily_page_Ad" time="20.25"/>
  <testcase classname="ANDROID_ARMS.ANDROID_ARMS.FeedAdVAlidationonUI" name="Extended_Maps_Radar_page_Ad" time="20.738"/>
</testsuite>