<?xml version="1.0" encoding="UTF-8"?>
<testng-results skipped="0" failed="1" total="9" passed="8">
  <reporter-output>
  </reporter-output>
  <suite name="Default suite" duration-ms="734329" started-at="2018-01-17T11:04:05Z" finished-at="2018-01-17T11:16:19Z">
    <groups>
    </groups>
    <test name="Default test" duration-ms="734329" started-at="2018-01-17T11:04:05Z" finished-at="2018-01-17T11:16:19Z">
      <class name="ANDROID_ARMS.ANDROID_ARMS.FeedAdVAlidationonUI">
        <test-method status="PASS" signature="Before_Test()[pri:0, instance:ANDROID_ARMS.ANDROID_ARMS.FeedAdVAlidationonUI@1229a2b7]" name="Before_Test" is-config="true" duration-ms="145691" started-at="2018-01-17T16:34:05Z" finished-at="2018-01-17T16:36:30Z">
          <reporter-output>
          </reporter-output>
        </test-method> <!-- Before_Test -->
        <test-method status="PASS" signature="Validating_feed1()[pri:0, instance:ANDROID_ARMS.ANDROID_ARMS.FeedAdVAlidationonUI@1229a2b7]" name="Validating_feed1" duration-ms="38454" started-at="2018-01-17T16:36:30Z" finished-at="2018-01-17T16:37:09Z">
          <reporter-output>
          </reporter-output>
        </test-method> <!-- Validating_feed1 -->
        <test-method status="PASS" signature="Validating_feed2()[pri:0, instance:ANDROID_ARMS.ANDROID_ARMS.FeedAdVAlidationonUI@1229a2b7]" name="Validating_feed2" duration-ms="25705" started-at="2018-01-17T16:37:09Z" finished-at="2018-01-17T16:37:35Z">
          <reporter-output>
          </reporter-output>
        </test-method> <!-- Validating_feed2 -->
        <test-method status="FAIL" signature="Validating_feed3()[pri:0, instance:ANDROID_ARMS.ANDROID_ARMS.FeedAdVAlidationonUI@1229a2b7]" name="Validating_feed3" duration-ms="76205" started-at="2018-01-17T16:37:35Z" finished-at="2018-01-17T16:38:51Z">
          <exception class="java.lang.AssertionError">
            <message>
              <![CDATA[feed3 ad not present]]>
            </message>
            <full-stacktrace>
              <![CDATA[java.lang.AssertionError: feed3 ad not present
	at org.testng.Assert.fail(Assert.java:94)
	at twc.Automation.HandleWithAppium.AppiumFunctions.Check_feed3_ad(AppiumFunctions.java:418)
	at ANDROID_ARMS.ANDROID_ARMS.FeedAdVAlidationonUI.Validating_feed3(FeedAdVAlidationonUI.java:68)
	at sun.reflect.NativeMethodAccessorImpl.invoke0(Native Method)
	at sun.reflect.NativeMethodAccessorImpl.invoke(NativeMethodAccessorImpl.java:62)
	at sun.reflect.DelegatingMethodAccessorImpl.invoke(DelegatingMethodAccessorImpl.java:43)
	at java.lang.reflect.Method.invoke(Method.java:498)
	at org.testng.internal.MethodInvocationHelper.invokeMethod(MethodInvocationHelper.java:85)
	at org.testng.internal.Invoker.invokeMethod(Invoker.java:659)
	at org.testng.internal.Invoker.invokeTestMethod(Invoker.java:845)
	at org.testng.internal.Invoker.invokeTestMethods(Invoker.java:1153)
	at org.testng.internal.TestMethodWorker.invokeTestMethods(TestMethodWorker.java:125)
	at org.testng.internal.TestMethodWorker.run(TestMethodWorker.java:108)
	at org.testng.TestRunner.privateRun(TestRunner.java:771)
	at org.testng.TestRunner.run(TestRunner.java:621)
	at org.testng.SuiteRunner.runTest(SuiteRunner.java:357)
	at org.testng.SuiteRunner.runSequentially(SuiteRunner.java:352)
	at org.testng.SuiteRunner.privateRun(SuiteRunner.java:310)
	at org.testng.SuiteRunner.run(SuiteRunner.java:259)
	at org.testng.SuiteRunnerWorker.runSuite(SuiteRunnerWorker.java:52)
	at org.testng.SuiteRunnerWorker.run(SuiteRunnerWorker.java:86)
	at org.testng.TestNG.runSuitesSequentially(TestNG.java:1199)
	at org.testng.TestNG.runSuitesLocally(TestNG.java:1124)
	at org.testng.TestNG.run(TestNG.java:1032)
	at org.testng.remote.AbstractRemoteTestNG.run(AbstractRemoteTestNG.java:114)
	at org.testng.remote.RemoteTestNG.initAndRun(RemoteTestNG.java:251)
	at org.testng.remote.RemoteTestNG.main(RemoteTestNG.java:77)
]]>
            </full-stacktrace>
          </exception> <!-- java.lang.AssertionError -->
          <reporter-output>
          </reporter-output>
        </test-method> <!-- Validating_feed3 -->
        <test-method status="PASS" signature="Validating_feed4()[pri:0, instance:ANDROID_ARMS.ANDROID_ARMS.FeedAdVAlidationonUI@1229a2b7]" name="Validating_feed4" duration-ms="12466" started-at="2018-01-17T16:38:51Z" finished-at="2018-01-17T16:39:03Z">
          <reporter-output>
          </reporter-output>
        </test-method> <!-- Validating_feed4 -->
        <test-method status="PASS" signature="Validating_feed5()[pri:0, instance:ANDROID_ARMS.ANDROID_ARMS.FeedAdVAlidationonUI@1229a2b7]" name="Validating_feed5" duration-ms="44838" started-at="2018-01-17T16:39:03Z" finished-at="2018-01-17T16:39:48Z">
          <reporter-output>
          </reporter-output>
        </test-method> <!-- Validating_feed5 -->
        <test-method status="PASS" signature="Extended_hourly_page_Ad()[pri:0, instance:ANDROID_ARMS.ANDROID_ARMS.FeedAdVAlidationonUI@1229a2b7]" name="Extended_hourly_page_Ad" duration-ms="170203" started-at="2018-01-17T16:39:48Z" finished-at="2018-01-17T16:42:38Z">
          <reporter-output>
          </reporter-output>
        </test-method> <!-- Extended_hourly_page_Ad -->
        <test-method status="PASS" signature="Extended_Daily_page_Ad()[pri:0, instance:ANDROID_ARMS.ANDROID_ARMS.FeedAdVAlidationonUI@1229a2b7]" name="Extended_Daily_page_Ad" duration-ms="20397" started-at="2018-01-17T16:42:38Z" finished-at="2018-01-17T16:42:59Z">
          <reporter-output>
          </reporter-output>
        </test-method> <!-- Extended_Daily_page_Ad -->
        <test-method status="PASS" signature="Extended_Maps_Radar_page_Ad()[pri:0, instance:ANDROID_ARMS.ANDROID_ARMS.FeedAdVAlidationonUI@1229a2b7]" name="Extended_Maps_Radar_page_Ad" duration-ms="22428" started-at="2018-01-17T16:42:59Z" finished-at="2018-01-17T16:43:21Z">
          <reporter-output>
          </reporter-output>
        </test-method> <!-- Extended_Maps_Radar_page_Ad -->
        <test-method status="PASS" signature="Extended_Newss_page_Ad()[pri:0, instance:ANDROID_ARMS.ANDROID_ARMS.FeedAdVAlidationonUI@1229a2b7]" name="Extended_Newss_page_Ad" duration-ms="147611" started-at="2018-01-17T16:43:21Z" finished-at="2018-01-17T16:45:49Z">
          <reporter-output>
          </reporter-output>
        </test-method> <!-- Extended_Newss_page_Ad -->
        <test-method status="PASS" signature="End_Test()[pri:0, instance:ANDROID_ARMS.ANDROID_ARMS.FeedAdVAlidationonUI@1229a2b7]" name="End_Test" is-config="true" duration-ms="30167" started-at="2018-01-17T16:45:49Z" finished-at="2018-01-17T16:46:19Z">
          <reporter-output>
          </reporter-output>
        </test-method> <!-- End_Test -->
      </class> <!-- ANDROID_ARMS.ANDROID_ARMS.FeedAdVAlidationonUI -->
    </test> <!-- Default test -->
  </suite> <!-- Default suite -->
</testng-results>
